Level 65:root:Subepoch 50, Training ('accuracy', 0.25084)
Level 65:root:Epoch 0, Validation Accuracy 0.352400
Level 65:root:Subepoch 50, Training ('accuracy', 0.37464)
Level 65:root:Epoch 1, Validation Accuracy 0.405000
Level 65:root:Subepoch 50, Training ('accuracy', 0.4536)
Level 65:root:Epoch 2, Validation Accuracy 0.512400
Level 65:root:Subepoch 50, Training ('accuracy', 0.51356)
Level 65:root:Epoch 3, Validation Accuracy 0.494200
Level 65:root:Subepoch 50, Training ('accuracy', 0.5596)
Level 65:root:Epoch 4, Validation Accuracy 0.570200
Level 65:root:Subepoch 50, Training ('accuracy', 0.5884)
Level 65:root:Epoch 5, Validation Accuracy 0.600200
Level 65:root:Subepoch 50, Training ('accuracy', 0.61752)
Level 65:root:Epoch 6, Validation Accuracy 0.624800
Level 65:root:Subepoch 50, Training ('accuracy', 0.63592)
Level 65:root:Epoch 7, Validation Accuracy 0.605800
Level 65:root:Subepoch 50, Training ('accuracy', 0.64996)
Level 65:root:Epoch 8, Validation Accuracy 0.697600
Level 65:root:Subepoch 50, Training ('accuracy', 0.66916)
Level 65:root:Epoch 9, Validation Accuracy 0.595800
Level 65:root:Subepoch 50, Training ('accuracy', 0.68128)
Level 65:root:Epoch 10, Validation Accuracy 0.691200
Level 65:root:Subepoch 50, Training ('accuracy', 0.69064)
Level 65:root:Epoch 11, Validation Accuracy 0.602600
Level 65:root:Subepoch 50, Training ('accuracy', 0.70716)
Level 65:root:Epoch 12, Validation Accuracy 0.720400
Level 65:root:Subepoch 50, Training ('accuracy', 0.71112)
Level 65:root:Epoch 13, Validation Accuracy 0.682600
Level 65:root:Subepoch 50, Training ('accuracy', 0.72648)
Level 65:root:Epoch 14, Validation Accuracy 0.686600
Level 65:root:Subepoch 50, Training ('accuracy', 0.72864)
Level 65:root:Epoch 15, Validation Accuracy 0.765800
Level 65:root:Subepoch 50, Training ('accuracy', 0.73728)
Level 65:root:Epoch 16, Validation Accuracy 0.744400
Level 65:root:Subepoch 50, Training ('accuracy', 0.74424)
Level 65:root:Epoch 17, Validation Accuracy 0.721800
Level 65:root:Subepoch 50, Training ('accuracy', 0.74932)
Level 65:root:Epoch 18, Validation Accuracy 0.750600
Level 65:root:Subepoch 50, Training ('accuracy', 0.75528)
Level 65:root:Epoch 19, Validation Accuracy 0.733200
Level 65:root:Subepoch 50, Training ('accuracy', 0.75464)
Level 65:root:Epoch 20, Validation Accuracy 0.702000
Level 65:root:Subepoch 50, Training ('accuracy', 0.76268)
Level 65:root:Epoch 21, Validation Accuracy 0.740000
Level 65:root:Subepoch 50, Training ('accuracy', 0.76576)
Level 65:root:Epoch 22, Validation Accuracy 0.736400
Level 65:root:Subepoch 50, Training ('accuracy', 0.7702)
Level 65:root:Epoch 23, Validation Accuracy 0.752600
Level 65:root:Subepoch 50, Training ('accuracy', 0.77924)
Level 65:root:Epoch 24, Validation Accuracy 0.738200
Level 65:root:Subepoch 50, Training ('accuracy', 0.77972)
Level 65:root:Epoch 25, Validation Accuracy 0.765800
Level 65:root:Subepoch 50, Training ('accuracy', 0.78572)
Level 65:root:Epoch 26, Validation Accuracy 0.767200
Level 65:root:Subepoch 50, Training ('accuracy', 0.788)
Level 65:root:Epoch 27, Validation Accuracy 0.791000
Level 65:root:Subepoch 50, Training ('accuracy', 0.78724)
Level 65:root:Epoch 28, Validation Accuracy 0.766600
00
Level 65:root:Subepoch 50, Training ('accuracy', 0.79312)
Level 65:root:Epoch 29, Validation Accuracy 0.756200
Level 65:root:Subepoch 50, Training ('accuracy', 0.79364)
Level 65:root:Epoch 30, Validation Accuracy 0.764600
Level 65:root:Subepoch 50, Training ('accuracy', 0.79512)
Level 65:root:Epoch 31, Validation Accuracy 0.796000
Level 65:root:Subepoch 50, Training ('accuracy', 0.79996)
Level 65:root:Epoch 32, Validation Accuracy 0.791400
Level 65:root:Subepoch 50, Training ('accuracy', 0.80332)
Level 65:root:Epoch 33, Validation Accuracy 0.767800
Level 65:root:Subepoch 50, Training ('accuracy', 0.8012)
Level 65:root:Epoch 34, Validation Accuracy 0.791200
Level 65:root:Subepoch 50, Training ('accuracy', 0.805)
Level 65:root:Epoch 35, Validation Accuracy 0.758800
Level 65:root:Subepoch 50, Training ('accuracy', 0.80296)
Level 65:root:Epoch 36, Validation Accuracy 0.739000
Level 65:root:Subepoch 50, Training ('accuracy', 0.81108)
Level 65:root:Epoch 36, Validation Accuracy 0.735000
Level 65:root:Subepoch 50, Training ('accuracy', 0.80684)
Level 65:root:Epoch 37, Validation Accuracy 0.762600
Level 65:root:Subepoch 50, Training ('accuracy', 0.81028)
Level 65:root:Epoch 38, Validation Accuracy 0.780400
Level 65:root:Subepoch 50, Training ('accuracy', 0.8158)
Level 65:root:Epoch 39, Validation Accuracy 0.769200
Level 65:root:Subepoch 50, Training ('accuracy', 0.81508)
Level 65:root:Epoch 40, Validation Accuracy 0.795800
Level 65:root:Subepoch 50, Training ('accuracy', 0.81796)
Level 65:root:Epoch 41, Validation Accuracy 0.802200
Level 65:root:Subepoch 50, Training ('accuracy', 0.81844)
Level 65:root:Epoch 42, Validation Accuracy 0.798400LLevel 65:root:Subepoch 50, Training ('accuracy', 0.82048)
Level 65:root:Epoch 43, Validation Accuracy 0.806400
Level 65:root:Subepoch 50, Training ('accuracy', 0.82456)
Level 65:root:Epoch 44, Validation Accuracy 0.771600
Level 65:root:Subepoch 50, Training ('accuracy', 0.8264)
Level 65:root:Epoch 45, Validation Accuracy 0.797600
Level 65:root:Subepoch 50, Training ('accuracy', 0.8272)
Level 65:root:Epoch 46, Validation Accuracy 0.801600
Level 65:root:Subepoch 50, Training ('accuracy', 0.83092)
Level 65:root:Epoch 47, Validation Accuracy 0.799800
Level 65:root:Subepoch 50, Training ('accuracy', 0.83316)
Level 65:root:Epoch 48, Validation Accuracy 0.811800
Level 65:root:Subepoch 50, Training ('accuracy', 0.83172)
Level 65:root:Epoch 49, Validation Accuracy 0.814600
LLevel 65:root:Subepoch 50, Training ('accuracy', 0.8326)
Level 65:root:Epoch 51, Validation Accuracy 0.778400
Level 65:root:Subepoch 50, Training ('accuracy', 0.8374)
Level 65:root:Epoch 51, Validation Accuracy 0.808200
Level 65:root:Subepoch 50, Training ('accuracy', 0.83404)
Level 65:root:Epoch 52, Validation Accuracy 0.798000
Level 65:root:Subepoch 50, Training ('accuracy', 0.84)
Level 65:root:Epoch 53, Validation Accuracy 0.817000
Level 65:root:Subepoch 50, Training ('accuracy', 0.8388)
Level 65:root:Epoch 54, Validation Accuracy 0.820200
Level 65:root:Subepoch 50, Training ('accuracy', 0.84248)
Level 65:root:Epoch 55, Validation Accuracy 0.799800
Level 65:root:Subepoch 50, Training ('accuracy', 0.84064)
Level 65:root:Epoch 56, Validation Accuracy 0.805800
Level 65:root:Subepoch 50, Training ('accuracy', 0.842)
Level 65:root:Epoch 57, Validation Accuracy 0.792000
9000
Level 65:root:Subepoch 50, Training ('accuracy', 0.8428)
Level 65:root:Epoch 58, Validation Accuracy 0.808400
Level 65:root:Subepoch 50, Training ('accuracy', 0.84424)
Level 65:root:Epoch 59, Validation Accuracy 0.821200
Level 65:root:Subepoch 50, Training ('accuracy', 0.8456)
Level 65:root:Epoch 60, Validation Accuracy 0.796000
Level 65:root:Subepoch 50, Training ('accuracy', 0.84628)
Level 65:root:Epoch 61, Validation Accuracy 0.814800
Level 65:root:Subepoch 50, Training ('accuracy', 0.85036)
Level 65:root:Epoch 62, Validation Accuracy 0.834600
Level 65:root:Subepoch 50, Training ('accuracy', 0.84508)
Level 65:root:Epoch 63, Validation Accuracy 0.797600
Level 65:root:Subepoch 50, Training ('accuracy', 0.84572)
Level 65:root:Epoch 64, Validation Accuracy 0.821400
0
Level 65:root:Subepoch 50, Training ('accuracy', 0.84968)
Level 65:root:Epoch 65, Validation Accuracy 0.806000
Level 65:root:Subepoch 50, Training ('accuracy', 0.8512)
Level 65:root:Epoch 66, Validation Accuracy 0.824600
Level 65:root:Subepoch 50, Training ('accuracy', 0.85172)
Level 65:root:Epoch 67, Validation Accuracy 0.824800
Level 65:root:Subepoch 50, Training ('accuracy', 0.854)
Level 65:root:Epoch 68, Validation Accuracy 0.808200
Level 65:root:Subepoch 50, Training ('accuracy', 0.85288)
Level 65:root:Epoch 69, Validation Accuracy 0.828200
Level 65:root:Subepoch 50, Training ('accuracy', 0.8584)
Level 65:root:Epoch 70, Validation Accuracy 0.834800
Level 65:root:Subepoch 50, Training ('accuracy', 0.8558)
Level 65:root:Epoch 71, Validation Accuracy 0.822600
Level 65:root:Subepoch 50, Training ('accuracy', 0.86008)
Level 65:root:Epoch 72, Validation Accuracy 0.811000
400
Level 65:root:Subepoch 50, Training ('accuracy', 0.86124)
Level 65:root:Epoch 73, Validation Accuracy 0.826200
Level 65:root:Subepoch 50, Training ('accuracy', 0.8644)
Level 65:root:Epoch 74, Validation Accuracy 0.834000
Level 65:root:Subepoch 50, Training ('accuracy', 0.86288)
Level 65:root:Epoch 75, Validation Accuracy 0.807400
Level 65:root:Subepoch 50, Training ('accuracy', 0.8646)
Level 65:root:Epoch 76, Validation Accuracy 0.814400
Level 65:root:Subepoch 50, Training ('accuracy', 0.86436)
Level 65:root:Epoch 77, Validation Accuracy 0.789600
Level 65:root:Subepoch 50, Training ('accuracy', 0.8632)
Level 65:root:Epoch 78, Validation Accuracy 0.816000
Level 65:root:Subepoch 50, Training ('accuracy', 0.86432)
Level 65:root:Epoch 79, Validation Accuracy 0.815000
0
Level 65:root:Subepoch 50, Training ('accuracy', 0.86464)
Level 65:root:Epoch 80, Validation Accuracy 0.815800
Level 65:root:Subepoch 50, Training ('accuracy', 0.86636)
Level 65:root:Epoch 81, Validation Accuracy 0.824600
Level 65:root:Subepoch 50, Training ('accuracy', 0.86652)
Level 65:root:Epoch 82, Validation Accuracy 0.792200
Level 65:root:Subepoch 50, Training ('accuracy', 0.86568)
Level 65:root:Epoch 83, Validation Accuracy 0.806000
Level 65:root:Subepoch 50, Training ('accuracy', 0.86756)
Level 65:root:Epoch 84, Validation Accuracy 0.844800
Level 65:root:Subepoch 50, Training ('accuracy', 0.87376)
Level 65:root:Epoch 85, Validation Accuracy 0.828400
Level 65:root:Subepoch 50, Training ('accuracy', 0.87232)
Level 65:root:Epoch 86, Validation Accuracy 0.847800
Level 65:root:Subepoch 50, Training ('accuracy', 0.86888)
Level 65:root:Subepoch 50, Training ('accuracy', 0.87196)
Level 65:root:Epoch 87, Validation Accuracy 0.816000
Level 65:root:Subepoch 50, Training ('accuracy', 0.8692)
Level 65:root:Epoch 88, Validation Accuracy 0.822000
Level 65:root:Subepoch 50, Training ('accuracy', 0.86704)
Level 65:root:Epoch 89, Validation Accuracy 0.838800
Level 65:root:Subepoch 50, Training ('accuracy', 0.87116)
Level 65:root:Epoch 90, Validation Accuracy 0.824600
Level 65:root:Subepoch 50, Training ('accuracy', 0.87072)
Level 65:root:Epoch 91, Validation Accuracy 0.827600
Level 65:root:Subepoch 50, Training ('accuracy', 0.87204)
Level 65:root:Epoch 92, Validation Accuracy 0.828000
Level 65:root:Subepoch 50, Training ('accuracy', 0.8708)
Level 65:root:Epoch 93, Validation Accuracy 0.850200
 65:root:Epoch 95, Validation Accuracy 0.827200
Level 65:root:Subepoch 50, Training ('accuracy', 0.87532)
Level 65:root:Epoch 94, Validation Accuracy 0.825400
Level 65:root:Subepoch 50, Training ('accuracy', 0.87656)
Level 65:root:Epoch 95, Validation Accuracy 0.801200
Level 65:root:Subepoch 50, Training ('accuracy', 0.87448)
Level 65:root:Epoch 96, Validation Accuracy 0.818000
Level 65:root:Subepoch 50, Training ('accuracy', 0.87748)
Level 65:root:Epoch 97, Validation Accuracy 0.847600
Level 65:root:Subepoch 50, Training ('accuracy', 0.87232)
Level 65:root:Epoch 98, Validation Accuracy 0.829200
Level 65:root:Subepoch 50, Training ('accuracy', 0.87588)
Level 65:root:Epoch 99, Validation Accuracy 0.825400
Level 65:root:Subepoch 50, Training ('accuracy', 0.87752)
Level 65:root:Epoch 100, Validation Accuracy 0.844400
LLevel 65:root:Subepoch 50, Training ('accuracy', 0.87592)
Level 65:root:Epoch 103, Validation Accuracy 0.795800Level 65:root:Subepoch 50, Training ('accuracy', 0.87744)
Level 65:root:Epoch 102, Validation Accuracy 0.816200
Level 65:root:Subepoch 50, Training ('accuracy', 0.87796)
Level 65:root:Epoch 103, Validation Accuracy 0.837800
Level 65:root:Subepoch 50, Training ('accuracy', 0.8784)
Level 65:root:Epoch 104, Validation Accuracy 0.835800
Level 65:root:Subepoch 50, Training ('accuracy', 0.88288)
Level 65:root:Epoch 105, Validation Accuracy 0.811800
Level 65:root:Subepoch 50, Training ('accuracy', 0.88012)
Level 65:root:Epoch 106, Validation Accuracy 0.833800
Level 65:root:Subepoch 50, Training ('accuracy', 0.88336)
Level 65:root:Epoch 107, Validation Accuracy 0.840800Level 65:root:Subepoch 50, Training ('accuracy', 0.87588)
Level 65:root:Epoch 110, Validation Accuracy 0.815200
LLevel 65:root:Subepoch 50, Training ('accuracy', 0.88332)
Level 65:root:Epoch 109, Validation Accuracy 0.824200
Level 65:root:Subepoch 50, Training ('accuracy', 0.88108)
Level 65:root:Epoch 110, Validation Accuracy 0.844000
Level 65:root:Subepoch 50, Training ('accuracy', 0.8836)
Level 65:root:Epoch 111, Validation Accuracy 0.837000
Level 65:root:Subepoch 50, Training ('accuracy', 0.88236)
Level 65:root:Epoch 112, Validation Accuracy 0.829200
Level 65:root:Subepoch 50, Training ('accuracy', 0.8882)
Level 65:root:Epoch 113, Validation Accuracy 0.827400
Level 65:root:Subepoch 50, Training ('accuracy', 0.88408)
Level 65:root:Epoch 114, Validation Accuracy 0.830000

Level 65:root:Subepoch 50, Training ('accuracy', 0.88004)
Level 65:root:Epoch 117, Validation Accuracy 0.807200Level 65:root:Subepoch 50, Training ('accuracy', 0.88516)
Level 65:root:Epoch 116, Validation Accuracy 0.843200
Level 65:root:Subepoch 50, Training ('accuracy', 0.88516)
Level 65:root:Epoch 117, Validation Accuracy 0.775600
Level 65:root:Subepoch 50, Training ('accuracy', 0.88404)
Level 65:root:Epoch 118, Validation Accuracy 0.823400
Level 65:root:Subepoch 50, Training ('accuracy', 0.88724)
Level 65:root:Epoch 119, Validation Accuracy 0.844600
Level 65:root:Subepoch 50, Training ('accuracy', 0.88548)
Level 65:root:Epoch 120, Validation Accuracy 0.823600
Level 65:root:Subepoch 50, Training ('accuracy', 0.8888)
Level 65:root:Epoch 121, Validation Accuracy 0.813000
Level 65:root:Subepoch 50, Training ('accuracy', 0.88732)
Level 65:root:Epoch 122, Validation Accuracy 0.823600
Level 65:root:Subepoch 50, Training ('accuracy', 0.88756)
Level 65:root:Epoch 125, Validation Accuracy 0.848000
Level 65:root:Subepoch 50, Training ('accuracy', 0.89052)
Level 65:root:Epoch 124, Validation Accuracy 0.834200
Level 65:root:Subepoch 50, Training ('accuracy', 0.88868)
Level 65:root:Epoch 125, Validation Accuracy 0.830000
Level 65:root:Subepoch 50, Training ('accuracy', 0.88796)
Level 65:root:Epoch 126, Validation Accuracy 0.822600
Level 65:root:Subepoch 50, Training ('accuracy', 0.8916)
Level 65:root:Epoch 127, Validation Accuracy 0.837200
Level 65:root:Subepoch 50, Training ('accuracy', 0.8856)
Level 65:root:Epoch 128, Validation Accuracy 0.836600
Level 65:root:Subepoch 50, Training ('accuracy', 0.8932)
Level 65:root:Epoch 129, Validation Accuracy 0.857600
LevLevel 65:root:Subepoch 50, Training ('accuracy', 0.89112)
Level 65:root:Epoch 132, Validation Accuracy 0.8374Level 65:root:Subepoch 50, Training ('accuracy', 0.89336)
Level 65:root:Epoch 131, Validation Accuracy 0.835400
Level 65:root:Subepoch 50, Training ('accuracy', 0.8952)
Level 65:root:Epoch 132, Validation Accuracy 0.841400
Level 65:root:Subepoch 50, Training ('accuracy', 0.89112)
Level 65:root:Epoch 133, Validation Accuracy 0.843400
Level 65:root:Subepoch 50, Training ('accuracy', 0.89352)
Level 65:root:Epoch 134, Validation Accuracy 0.846600
Level 65:root:Subepoch 50, Training ('accuracy', 0.88972)
Level 65:root:Epoch 135, Validation Accuracy 0.800800
Level 65:root:Subepoch 50, Training ('accuracy', 0.89144)
Level 65:root:Epoch 136, Validation Accuracy 0.833200
0
Level 65:root:Subepoch 50, Training ('accuracy', 0.8908)
Level 65:root:Epoch 139, Validation Accuracy 0.813400
Level 65:root:Subepoch 50, Training ('accuracy', 0.89328)
Level 65:root:Epoch 140, Validation Accuracy 0.833000
Level 65:root:Subepoch 50, Training ('accuracy', 0.89352)
Level 65:root:Epoch 138, Validation Accuracy 0.829400
Level 65:root:Subepoch 50, Training ('accuracy', 0.89384)
Level 65:root:Epoch 139, Validation Accuracy 0.846200
Level 65:root:Subepoch 50, Training ('accuracy', 0.89652)
Level 65:root:Epoch 140, Validation Accuracy 0.807200
Level 65:root:Subepoch 50, Training ('accuracy', 0.89664)
Level 65:root:Epoch 141, Validation Accuracy 0.835400
Level 65:root:Subepoch 50, Training ('accuracy', 0.8914)
Level 65:root:Epoch 142, Validation Accuracy 0.836000
Level 65:root:Subepoch 50, Training ('accuracy', 0.89516)
Level 65:root:Epoch 143, Validation Accuracy 0.80260Level 65:root:Subepoch 50, Training ('accuracy', 0.89512)
Level 65:root:Epoch 147, Validation Accuracy 0.827800
0
Level 65:root:Subepoch 50, Training ('accuracy', 0.8946)
Level 65:root:Epoch 145, Validation Accuracy 0.802800
Level 65:root:Subepoch 50, Training ('accuracy', 0.89912)
Level 65:root:Epoch 146, Validation Accuracy 0.843000
Level 65:root:Subepoch 50, Training ('accuracy', 0.89728)
Level 65:root:Epoch 147, Validation Accuracy 0.837800
Level 65:root:Subepoch 50, Training ('accuracy', 0.8938)
Level 65:root:Epoch 148, Validation Accuracy 0.846800
Level 65:root:Subepoch 50, Training ('accuracy', 0.90052)
Level 65:root:Epoch 149, Validation Accuracy 0.830000
Level 65:root:Subepoch 50, Training ('accuracy', 0.8976)
Level 65:root:Epoch 150, Validation Accuracy 0.846800
Level 65:root:Subepoch 50, Training ('accuracy', 0.89416)
LLevel 65:root:Subepoch 50, Training ('accuracy', 0.89272)
Level 65:root:Epoch 154, Validation Accuracy 0.806400
evel 65:root:Epoch 152, Validation Accuracy 0.819000
Level 65:root:Subepoch 50, Training ('accuracy', 0.89852)
Level 65:root:Epoch 153, Validation Accuracy 0.848000
Level 65:root:Subepoch 50, Training ('accuracy', 0.90052)
Level 65:root:Epoch 154, Validation Accuracy 0.840800
Level 65:root:Subepoch 50, Training ('accuracy', 0.90032)
Level 65:root:Epoch 155, Validation Accuracy 0.851200
Level 65:root:Subepoch 50, Training ('accuracy', 0.9004)
Level 65:root:Epoch 156, Validation Accuracy 0.794400
Level 65:root:Subepoch 50, Training ('accuracy', 0.89956)
Level 65:root:Epoch 157, Validation Accuracy 0.850000
Level 65:root:Subepoch 50, Training ('accuracy', 0.90044)
Level 65:root:Epoch 158, Validation Accuracy 0.821400

Level 65:root:Subepoch 50, Training ('accuracy', 0.90036)
Level 65:root:Epoch 161, Validation Accuracy 0.820600
Level 65:root:Subepoch 50, Training ('accuracy', 0.9002)
Level 65:root:Epoch 162, Validation Accuracy 0.807600

Level 65:root:Subepoch 50, Training ('accuracy', 0.90092)
Level 65:root:Epoch 160, Validation Accuracy 0.855800
Level 65:root:Subepoch 50, Training ('accuracy', 0.90044)
Level 65:root:Epoch 161, Validation Accuracy 0.824000
Level 65:root:Subepoch 50, Training ('accuracy', 0.90116)
Level 65:root:Epoch 162, Validation Accuracy 0.830800
Level 65:root:Subepoch 50, Training ('accuracy', 0.89924)
Level 65:root:Epoch 163, Validation Accuracy 0.847200
Level 65:root:Subepoch 50, Training ('accuracy', 0.903)
Level 65:root:Epoch 164, Validation Accuracy 0.851000
Level 65:root:Subepoch 50, Training ('accuracy', 0.90008)
Level 65:root:Epoch 165, Validation Accuracy 0.857400
LLevel 65:root:Subepoch 50, Training ('accuracy', 0.89784)
Level 65:root:Epoch 169, Validation Accuracy 0.810200Level 65:root:Subepoch 50, Training ('accuracy', 0.90232)
Level 65:root:Epoch 167, Validation Accuracy 0.841400
Level 65:root:Subepoch 50, Training ('accuracy', 0.90152)
Level 65:root:Epoch 168, Validation Accuracy 0.841600
Level 65:root:Subepoch 50, Training ('accuracy', 0.89904)
Level 65:root:Epoch 169, Validation Accuracy 0.846400
Level 65:root:Subepoch 50, Training ('accuracy', 0.90248)
Level 65:root:Epoch 170, Validation Accuracy 0.806600
Level 65:root:Subepoch 50, Training ('accuracy', 0.9006)
Level 65:root:Epoch 171, Validation Accuracy 0.846000
Level 65:root:Subepoch 50, Training ('accuracy', 0.90292)
Level 65:root:Epoch 172, Validation Accuracy 0.862000
Level 65:root:Subepoch 50, Training ('accuracy', 0.901)
Level 65:root:Epoch 173, Validation Accuracy 0.843200Level 65:root:Subepoch 50, Training ('accuracy', 0.90284)
Level 65:root:Epoch 177, Validation Accuracy 0.828600
LLevel 65:root:Subepoch 50, Training ('accuracy', 0.90368)
Level 65:root:Epoch 175, Validation Accuracy 0.840200
Level 65:root:Subepoch 50, Training ('accuracy', 0.9034)
Level 65:root:Epoch 176, Validation Accuracy 0.852200
Level 65:root:Subepoch 50, Training ('accuracy', 0.9072)
Level 65:root:Epoch 177, Validation Accuracy 0.827400
Level 65:root:Subepoch 50, Training ('accuracy', 0.90848)
Level 65:root:Epoch 178, Validation Accuracy 0.850600
Level 65:root:Subepoch 50, Training ('accuracy', 0.90484)
Level 65:root:Epoch 179, Validation Accuracy 0.826000
Level 65:root:Subepoch 50, Training ('accuracy', 0.908)
Level 65:root:Epoch 180, Validation Accuracy 0.856200
LLevel 65:root:Subepoch 50, Training ('accuracy', 0.90536)
Level 65:root:Epoch 184, Validation Accuracy 0.793200Level 65:root:Subepoch 50, Training ('accuracy', 0.90708)
Level 65:root:Epoch 182, Validation Accuracy 0.833000
Level 65:root:Subepoch 50, Training ('accuracy', 0.90556)
Level 65:root:Epoch 183, Validation Accuracy 0.855400
Level 65:root:Subepoch 50, Training ('accuracy', 0.9038)
Level 65:root:Epoch 184, Validation Accuracy 0.840600
Level 65:root:Subepoch 50, Training ('accuracy', 0.90864)
Level 65:root:Epoch 185, Validation Accuracy 0.837000
Level 65:root:Subepoch 50, Training ('accuracy', 0.90624)
Level 65:root:Epoch 186, Validation Accuracy 0.844800
Level 65:root:Subepoch 50, Training ('accuracy', 0.90908)
Level 65:root:Epoch 187, Validation Accuracy 0.841600

Level 65:root:Subepoch 50, Training ('accuracy', 0.90572)
Level 65:root:Epoch 191, Validation Accuracy 0.830600Level 65:root:Subepoch 50, Training ('accuracy', 0.9064)
Level 65:root:Epoch 189, Validation Accuracy 0.843000
Level 65:root:Subepoch 50, Training ('accuracy', 0.90408)
Level 65:root:Epoch 190, Validation Accuracy 0.837800
Level 65:root:Subepoch 50, Training ('accuracy', 0.9056)
Level 65:root:Epoch 191, Validation Accuracy 0.854600
Level 65:root:Subepoch 50, Training ('accuracy', 0.90704)
Level 65:root:Epoch 192, Validation Accuracy 0.848800
Level 65:root:Subepoch 50, Training ('accuracy', 0.90988)
Level 65:root:Epoch 193, Validation Accuracy 0.844600
Level 65:root:Subepoch 50, Training ('accuracy', 0.90568)
Level 65:root:Epoch 194, Validation Accuracy 0.846000
0
Level 65:root:Subepoch 50, Training ('accuracy', 0.90476)
Level 65:root:Epoch 198, Validation Accuracy 0.816200
Level 65:root:Subepoch 50, Training ('accuracy', 0.90428)
Level 65:root:Epoch 199, Validation Accuracy 0.808600
evel 65:root:Subepoch 50, Training ('accuracy', 0.91036)
Level 65:root:Epoch 196, Validation Accuracy 0.836200
Level 65:root:Subepoch 50, Training ('accuracy', 0.90944)
Level 65:root:Epoch 197, Validation Accuracy 0.834200
Level 65:root:Subepoch 50, Training ('accuracy', 0.907)
Level 65:root:Epoch 198, Validation Accuracy 0.830200
Level 65:root:Subepoch 50, Training ('accuracy', 0.90948)
Level 65:root:Epoch 199, Validation Accuracy 0.858000
Level 65:root:Subepoch 50, Training ('accuracy', 0.90524)
Level 65:root:Epoch 200, Validation Accuracy 0.860000
Level 65:root:Subepoch 50, Training ('accuracy', 0.92776)
Level 65:root:Epoch 201, Validation Accuracy 0.869000
Level 65:root:Subepoch 50, Training ('accuracy', 0.93312)
Level 65:root:Subepoch 50, Training ('accuracy', 0.941Level 65:root:Subepoch 50, Training ('accuracy', 0.93888)
Level 65:root:Epoch 203, Validation Accuracy 0.866000
Level 65:root:Subepoch 50, Training ('accuracy', 0.93952)
Level 65:root:Epoch 204, Validation Accuracy 0.868000
Level 65:root:Subepoch 50, Training ('accuracy', 0.94164)
Level 65:root:Epoch 205, Validation Accuracy 0.872200
Level 65:root:Subepoch 50, Training ('accuracy', 0.94212)
Level 65:root:Epoch 206, Validation Accuracy 0.870000
Level 65:root:Subepoch 50, Training ('accuracy', 0.94116)
Level 65:root:Epoch 207, Validation Accuracy 0.871400
Level 65:root:Subepoch 50, Training ('accuracy', 0.94208)
Level 65:root:Epoch 208, Validation Accuracy 0.871000
Level 65:root:Subepoch 50, Training ('accuracy', 0.94488)
Level 65:root:Epoch 209, Validation Accuracy 0.872000
vel 65:root:Epoch 213, Validation Accuracy 0.866600
Level 65:root:Subepoch 50, Training ('accuracy', 0.94696)
Level 65:root:Epoch 210, Validation Accuracy 0.871600
Level 65:root:Subepoch 50, Training ('accuracy', 0.9468)
Level 65:root:Epoch 211, Validation Accuracy 0.872200
Level 65:root:Subepoch 50, Training ('accuracy', 0.9472)
Level 65:root:Epoch 212, Validation Accuracy 0.876000
Level 65:root:Subepoch 50, Training ('accuracy', 0.94708)
Level 65:root:Epoch 213, Validation Accuracy 0.871400
Level 65:root:Subepoch 50, Training ('accuracy', 0.94848)
Level 65:root:Epoch 214, Validation Accuracy 0.875400
Level 65:root:Subepoch 50, Training ('accuracy', 0.94932)
Level 65:root:Epoch 215, Validation Accuracy 0.871600
Level 65:root:Subepoch 50, Training ('accuracy', 0.94924)
Level 65:root:Epoch 216, Validation Accuracy 0.872400

Level 65:root:Subepoch 50, Training ('accuracy', 0.945)
Level 65:root:Epoch 217, Validation Accuracy 0.873000
Level 65:root:Subepoch 50, Training ('accuracy', 0.94908)
Level 65:root:Epoch 218, Validation Accuracy 0.870400
Level 65:root:Subepoch 50, Training ('accuracy', 0.95044)
Level 65:root:Epoch 219, Validation Accuracy 0.872800
Level 65:root:Subepoch 50, Training ('accuracy', 0.95052)
Level 65:root:Epoch 220, Validation Accuracy 0.871000
Level 65:root:Subepoch 50, Training ('accuracy', 0.9496)
Level 65:root:Epoch 221, Validation Accuracy 0.872400
Level 65:root:Subepoch 50, Training ('accuracy', 0.94812)
Level 65:root:Epoch 222, Validation Accuracy 0.871000
Level 65:root:Subepoch 50, Training ('accuracy', 0.94864)
Level 65:root:Epoch 223, Validation Accuracy 0.8696Level 65:root:Subepoch 50, Training ('accuracy', 0.94748)
Level 65:root:Epoch 228, Validation Accuracy 0.859600
00
Level 65:root:Subepoch 50, Training ('accuracy', 0.95144)
Level 65:root:Epoch 225, Validation Accuracy 0.869600
Level 65:root:Subepoch 50, Training ('accuracy', 0.94952)
Level 65:root:Epoch 226, Validation Accuracy 0.870200
Level 65:root:Subepoch 50, Training ('accuracy', 0.95172)
Level 65:root:Epoch 227, Validation Accuracy 0.869200
Level 65:root:Subepoch 50, Training ('accuracy', 0.94996)
Level 65:root:Epoch 228, Validation Accuracy 0.872200
Level 65:root:Subepoch 50, Training ('accuracy', 0.95172)
Level 65:root:Epoch 229, Validation Accuracy 0.869800
Level 65:root:Subepoch 50, Training ('accuracy', 0.95384)
Level 65:root:Epoch 230, Validation Accuracy 0.873400
Level 65:root:Subepoch 50, Training ('accuracy', 0.95392)
Level 65:root:Epoch 231, Validation Accuracy 0.870600
Level 65:root:Subepoch 50, Training ('accuracy', 0.95316)
Level 65:root:Epoch 232, Validation Accuracy 0.868400
Level 65:root:Subepoch 50, Training ('accuracy', 0.95084)
Level 65:root:Epoch 233, Validation Accuracy 0.869000
Level 65:root:Subepoch 50, Training ('accuracy', 0.95468)
Level 65:root:Epoch 234, Validation Accuracy 0.869200
Level 65:root:Subepoch 50, Training ('accuracy', 0.95336)
Level 65:root:Epoch 235, Validation Accuracy 0.872800
Level 65:root:Subepoch 50, Training ('accuracy', 0.95088)
Level 65:root:Epoch 236, Validation Accuracy 0.871000
Level 65:root:Subepoch 50, Training ('accuracy', 0.95184)
Level 65:root:Epoch 237, Validation Accuracy 0.874800
Level 65:root:Subepoch 50, Training ('accuracy', 0.95424)
Level 65:root:Epoch 238, Validation Accuracy 0.872200LLevel 65:root:Subepoch 50, Training ('accuracy', 0.95224)
Level 65:root:Epoch 239, Validation Accuracy 0.871600
Level 65:root:Subepoch 50, Training ('accuracy', 0.95156)
Level 65:root:Epoch 240, Validation Accuracy 0.869200
Level 65:root:Subepoch 50, Training ('accuracy', 0.95444)
Level 65:root:Epoch 241, Validation Accuracy 0.874000
Level 65:root:Subepoch 50, Training ('accuracy', 0.95392)
Level 65:root:Epoch 242, Validation Accuracy 0.875400
Level 65:root:Subepoch 50, Training ('accuracy', 0.95296)
Level 65:root:Epoch 243, Validation Accuracy 0.872400
Level 65:root:Subepoch 50, Training ('accuracy', 0.95248)
Level 65:root:Epoch 244, Validation Accuracy 0.874000
Level 65:root:Subepoch 50, Training ('accuracy', 0.9534)
Level 65:root:Epoch 245, Validation Accuracy 0.874600LLevel 65:root:Subepoch 50, Training ('accuracy', 0.95548)
Level 65:root:Epoch 246, Validation Accuracy 0.873400
Level 65:root:Subepoch 50, Training ('accuracy', 0.95364)
Level 65:root:Epoch 247, Validation Accuracy 0.871800
Level 65:root:Subepoch 50, Training ('accuracy', 0.95644)
Level 65:root:Epoch 248, Validation Accuracy 0.870000
Level 65:root:Subepoch 50, Training ('accuracy', 0.9544)
Level 65:root:Epoch 249, Validation Accuracy 0.872000
Level 65:root:Subepoch 50, Training ('accuracy', 0.95404)
Level 65:root:Epoch 250, Validation Accuracy 0.873600
Level 65:root:Subepoch 50, Training ('accuracy', 0.95676)
Level 65:root:Epoch 251, Validation Accuracy 0.872800
Level 65:root:Subepoch 50, Training ('accuracy', 0.9586)
Level 65:root:Epoch 252, Validation Accuracy 0.875000
LLevel 65:root:Subepoch 50, Training ('accuracy', 0.9522)
Level 65:root:Epoch 257, Validation Accuracy 0.863800
Level 65:root:Subepoch 50, Training ('accuracy', 0.95856)
Level 65:root:Epoch 254, Validation Accuracy 0.873600
Level 65:root:Subepoch 50, Training ('accuracy', 0.95868)
Level 65:root:Epoch 255, Validation Accuracy 0.872200
Level 65:root:Subepoch 50, Training ('accuracy', 0.95812)
Level 65:root:Epoch 256, Validation Accuracy 0.874200
Level 65:root:Subepoch 50, Training ('accuracy', 0.9564)
Level 65:root:Epoch 257, Validation Accuracy 0.873000
Level 65:root:Subepoch 50, Training ('accuracy', 0.95604)
Level 65:root:Epoch 258, Validation Accuracy 0.873600
Level 65:root:Subepoch 50, Training ('accuracy', 0.95828)
Level 65:root:Epoch 259, Validation Accuracy 0.873800
Level 65:root:Subepoch 50, Training ('accuracy', 0.95676)
Level 65:root:Epoch 264, Validation Accuracy 0.866600Level 65:root:Subepoch 50, Training ('accuracy', 0.9578)
Level 65:root:Epoch 261, Validation Accuracy 0.873000
Level 65:root:Subepoch 50, Training ('accuracy', 0.9594)
Level 65:root:Epoch 262, Validation Accuracy 0.873200
Level 65:root:Subepoch 50, Training ('accuracy', 0.9582)
Level 65:root:Epoch 263, Validation Accuracy 0.873200
Level 65:root:Subepoch 50, Training ('accuracy', 0.95664)
Level 65:root:Epoch 264, Validation Accuracy 0.874400
Level 65:root:Subepoch 50, Training ('accuracy', 0.95832)
Level 65:root:Epoch 265, Validation Accuracy 0.872200
Level 65:root:Subepoch 50, Training ('accuracy', 0.95764)
Level 65:root:Epoch 266, Validation Accuracy 0.874600
00
Level 65:root:Subepoch 50, Training ('accuracy', 0.9552)
Level 65:root:Epoch 271, Validation Accuracy 0.866600
LLevel 65:root:Subepoch 50, Training ('accuracy', 0.95732)
Level 65:root:Epoch 268, Validation Accuracy 0.874000
Level 65:root:Subepoch 50, Training ('accuracy', 0.95852)
Level 65:root:Epoch 269, Validation Accuracy 0.871600
Level 65:root:Subepoch 50, Training ('accuracy', 0.96096)
Level 65:root:Epoch 270, Validation Accuracy 0.871200
Level 65:root:Subepoch 50, Training ('accuracy', 0.95872)
Level 65:root:Epoch 271, Validation Accuracy 0.875400
Level 65:root:Subepoch 50, Training ('accuracy', 0.95764)
Level 65:root:Epoch 272, Validation Accuracy 0.874200
Level 65:root:Subepoch 50, Training ('accuracy', 0.95676)
Level 65:root:Epoch 273, Validation Accuracy 0.8730Level 65:root:Subepoch 50, Training ('accuracy', 0.95824)
Level 65:root:Epoch 278, Validation Accuracy 0.863800
00
Level 65:root:Subepoch 50, Training ('accuracy', 0.95796)
Level 65:root:Epoch 275, Validation Accuracy 0.873000
Level 65:root:Subepoch 50, Training ('accuracy', 0.95864)
Level 65:root:Epoch 276, Validation Accuracy 0.872600
Level 65:root:Subepoch 50, Training ('accuracy', 0.95828)
Level 65:root:Epoch 277, Validation Accuracy 0.874200
Level 65:root:Subepoch 50, Training ('accuracy', 0.95904)
Level 65:root:Epoch 278, Validation Accuracy 0.872600
Level 65:root:Subepoch 50, Training ('accuracy', 0.95852)
Level 65:root:Epoch 279, Validation Accuracy 0.872800
Level 65:root:Subepoch 50, Training ('accuracy', 0.9604)
Level 65:root:Epoch 280, Validation Accuracy 0.874800

Level 65:root:Subepoch 50, Training ('accuracy', 0.95788)
Level 65:root:Epoch 285, Validation Accuracy 0.865600
Level 65:root:Subepoch 50, Training ('accuracy', 0.95824)
Level 65:root:Epoch 282, Validation Accuracy 0.874800
Level 65:root:Subepoch 50, Training ('accuracy', 0.95716)
Level 65:root:Epoch 283, Validation Accuracy 0.872800
Level 65:root:Subepoch 50, Training ('accuracy', 0.95904)
Level 65:root:Epoch 284, Validation Accuracy 0.874000
Level 65:root:Subepoch 50, Training ('accuracy', 0.95656)
Level 65:root:Epoch 285, Validation Accuracy 0.873000
Level 65:root:Subepoch 50, Training ('accuracy', 0.95896)
Level 65:root:Epoch 286, Validation Accuracy 0.872800
Level 65:root:Subepoch 50, Training ('accuracy', 0.955)
Level 65:root:Epoch 287, Validation Accuracy 0.872600
Level 65:root:Subepoch 50, Training ('accuracy', 0.95656)
Level 65:root:Epoch 288, Validation Accuracy 0.874200

Level 65:root:Subepoch 50, Training ('accuracy', 0.95868)
Level 65:root:Epoch 289, Validation Accuracy 0.871800
Level 65:root:Subepoch 50, Training ('accuracy', 0.95948)
Level 65:root:Epoch 290, Validation Accuracy 0.873600
Level 65:root:Subepoch 50, Training ('accuracy', 0.95844)
Level 65:root:Epoch 291, Validation Accuracy 0.874000
Level 65:root:Subepoch 50, Training ('accuracy', 0.95964)
Level 65:root:Epoch 292, Validation Accuracy 0.873400
Level 65:root:Subepoch 50, Training ('accuracy', 0.95972)
Level 65:root:Epoch 293, Validation Accuracy 0.874200
Level 65:root:Subepoch 50, Training ('accuracy', 0.95844)
Level 65:root:Epoch 294, Validation Accuracy 0.873600
Level 65:root:Subepoch 50, Training ('accuracy', 0.95864)
Level 65:root:Epoch 295, Validation Accuracy 0.872600
Level 65:root:Subepoch 50, Training ('accuracy', 0.95868)
Level 65:root:Epoch 296, Validation Accuracy 0.874400
Level 65:root:Subepoch 50, Training ('accuracy', 0.95976)
Level 65:root:Epoch 297, Validation Accuracy 0.873400
Level 65:root:Subepoch 50, Training ('accuracy', 0.95948)
Level 65:root:Epoch 298, Validation Accuracy 0.872400
Level 65:root:Subepoch 50, Training ('accuracy', 0.9578)
Level 65:root:Epoch 299, Validation Accuracy 0.872800
